<?xml version="1.0" encoding="UTF-8"?><testsuite errors="0" failures="1" name="Accommodation" skipped="0" tests="1" time="24.4" timestamp="2023-09-28 09:38:35"><testcase name="View accommodation"><failure message="Expected enabled element was not enabled" type="net.thucydides.core.webdriver.exceptions.ElementShouldBeEnabledException">Expected enabled element was not enabled</failure><system-err>Expected enabled element was not enabled&#13;
com.co.sena.tasks.Accommodation.performAs(Accommodation.java:16)&#13;
com.co.sena.stepsdefinitions.AccommodationStepsDefinition.heUserEntersTheInformation(AccommodationStepsDefinition.java:12)&#13;
cucumber.runner.Runner.runPickle(Runner.java:80)&#13;
worker.org.gradle.process.internal.worker.GradleWorkerMain.run(GradleWorkerMain.java:69)&#13;
worker.org.gradle.process.internal.worker.GradleWorkerMain.main(GradleWorkerMain.java:74)&#13;
</system-err></testcase></testsuite>